#
# A fatal error has been detected by the Java Runtime Environment:
#
#  EXCEPTION_ACCESS_VIOLATION (0xc0000005) at pc=0x00007ff8d01296fe, pid=18576, tid=0x0000000000003540
#
# JRE version: Java(TM) SE Runtime Environment (8.0_241-b07) (build 1.8.0_241-b07)
# Java VM: Java HotSpot(TM) 64-Bit Server VM (25.241-b07 mixed mode windows-amd64 compressed oops)
# Problematic frame:
# C  [igdrcl64.dll+0x396fe]
#
# Failed to write core dump. Minidumps are not enabled by default on client versions of Windows
#
# If you would like to submit a bug report, please visit:
#   http://bugreport.java.com/bugreport/crash.jsp
# The crash happened outside the Java Virtual Machine in native code.
# See problematic frame for where to report the bug.
#

---------------  T H R E A D  ---------------

Current thread (0x0000000002e6e800):  JavaThread "main" [_thread_in_native, id=13632, stack(0x0000000002d60000,0x0000000002e60000)]

siginfo: ExceptionCode=0xc0000005, reading address 0xffffffffffffffff

Registers:
RAX=0xab2212340cacdd02, RBX=0x000000001daa71a0, RCX=0x0000000000000007, RDX=0x0000000000fa4830
RSP=0x0000000002e5f120, RBP=0x0000000000000000, RSI=0x00000000d707c5e8, RDI=0x000000002735c510
R8 =0x0000000000000004, R9 =0x00000000d707c5e8, R10=0x000000000000000c, R11=0x0000000002e6edd0
R12=0x0000000000000000, R13=0x0000000000000000, R14=0x3f8000003f7ffff0, R15=0x0000000000000000
RIP=0x00007ff8d01296fe, EFLAGS=0x0000000000010207

Top of Stack: (sp=0x0000000002e5f120)
0x0000000002e5f120:   0000000002e5f2c0 00000000000003d8
0x0000000002e5f130:   0000000002e730b0 0000000002e6e9f8
0x0000000002e5f140:   0000000055201ef8 0000000002ec4170
0x0000000002e5f150:   0000000000000040 0000000001420cc0
0x0000000002e5f160:   0000000000000000 0000000000000000
0x0000000002e5f170:   00000000177f3920 0000000002e6e800
0x0000000002e5f180:   0000000000000030 00000000d7081f40
0x0000000002e5f190:   0000000000000008 0000000000000000
0x0000000002e5f1a0:   00000000179bc888 00000000d707c5e8
0x0000000002e5f1b0:   0000000000000000 0000000000000000
0x0000000002e5f1c0:   000000001daa71a0 00007ff8d01272f9
0x0000000002e5f1d0:   0000000000000000 0000000002e5f188
0x0000000002e5f1e0:   0000000000000000 0000000800000001
0x0000000002e5f1f0:   0000000000000000 0000000002fd28a1
0x0000000002e5f200:   0000ea6f00000000 00005754bf6e6183
0x0000000002e5f210:   0000000002e6e800 0000400000000000 

Instructions: (pc=0x00007ff8d01296fe)
0x00007ff8d01296de:   83 d8 01 00 00 4e 89 6c 20 20 48 8b 83 d8 01 00
0x00007ff8d01296ee:   00 4e 89 6c 20 28 48 b8 02 dd ac 0c 34 12 22 ab
0x00007ff8d01296fe:   49 39 46 20 0f 85 fe 01 00 00 48 8d 05 e1 0d 3b
0x00007ff8d012970e:   00 49 39 46 10 0f 85 ed 01 00 00 4d 85 f6 0f 84 


Register to memory mapping:

RAX=0xab2212340cacdd02 is an unknown value
RBX=0x000000001daa71a0 is an unknown value
RCX=0x0000000000000007 is an unknown value
RDX=0x0000000000fa4830 is an unknown value
RSP=0x0000000002e5f120 is pointing into the stack for thread: 0x0000000002e6e800
RBP=0x0000000000000000 is an unknown value
RSI=0x00000000d707c5e8 is an oop

[error occurred during error reporting (printing register info), id 0xc0000005]

Stack: [0x0000000002d60000,0x0000000002e60000],  sp=0x0000000002e5f120,  free space=1020k
Native frames: (J=compiled Java code, j=interpreted, Vv=VM code, C=native code)

Java frames: (J=compiled Java code, j=interpreted, Vv=VM code)
j  org.jocl.CL.clSetKernelArgNative(Lorg/jocl/cl_kernel;IJLorg/jocl/Pointer;)I+0
j  org.jocl.CL.clSetKernelArg(Lorg/jocl/cl_kernel;IJLorg/jocl/Pointer;)I+5
j  net.alevel.asteroids.engine.cl.GetMinMaxPoints.run()V+293
j  net.alevel.asteroids.game.GameLogic.init(Lnet/alevel/asteroids/engine/Window;)V+12
j  net.alevel.asteroids.engine.GameEngine.init()V+40
j  net.alevel.asteroids.engine.GameEngine.run()V+1
j  net.alevel.asteroids.game.Main.main([Ljava/lang/String;)V+10
v  ~StubRoutines::call_stub

---------------  P R O C E S S  ---------------

Java Threads: ( => current thread )
  0x0000000019dad000 JavaThread "Service Thread" daemon [_thread_blocked, id=17768, stack(0x000000001aa00000,0x000000001ab00000)]
  0x0000000019d46000 JavaThread "C1 CompilerThread3" daemon [_thread_blocked, id=3416, stack(0x000000001a900000,0x000000001aa00000)]
  0x0000000019d48800 JavaThread "C2 CompilerThread2" daemon [_thread_blocked, id=7536, stack(0x000000001a800000,0x000000001a900000)]
  0x0000000019d41000 JavaThread "C2 CompilerThread1" daemon [_thread_blocked, id=22688, stack(0x000000001a700000,0x000000001a800000)]
  0x0000000019d34800 JavaThread "C2 CompilerThread0" daemon [_thread_blocked, id=22240, stack(0x000000001a600000,0x000000001a700000)]
  0x0000000019d33000 JavaThread "Attach Listener" daemon [_thread_blocked, id=13036, stack(0x000000001a500000,0x000000001a600000)]
  0x0000000019d31000 JavaThread "Signal Dispatcher" daemon [_thread_blocked, id=22000, stack(0x000000001a400000,0x000000001a500000)]
  0x0000000019d21000 JavaThread "Finalizer" daemon [_thread_blocked, id=12620, stack(0x000000001a200000,0x000000001a300000)]
  0x0000000019d20800 JavaThread "Reference Handler" daemon [_thread_blocked, id=20652, stack(0x000000001a100000,0x000000001a200000)]
=>0x0000000002e6e800 JavaThread "main" [_thread_in_native, id=13632, stack(0x0000000002d60000,0x0000000002e60000)]

Other Threads:
  0x0000000017f19800 VMThread [stack: 0x0000000019c00000,0x0000000019d00000] [id=12044]
  0x0000000019db0800 WatcherThread [stack: 0x000000001ab00000,0x000000001ac00000] [id=6600]

VM state:not at safepoint (normal execution)

VM Mutex/Monitor currently owned by a thread: None

heap address: 0x0000000081c00000, size: 2020 MB, Compressed Oops mode: 32-bit
Narrow klass base: 0x0000000000000000, Narrow klass shift: 3
Compressed class space size: 1073741824 Address: 0x0000000100000000

Heap:
 PSYoungGen      total 38400K, used 18121K [0x00000000d5f00000, 0x00000000d8980000, 0x0000000100000000)
  eden space 33280K, 54% used [0x00000000d5f00000,0x00000000d70b25f8,0x00000000d7f80000)
  from space 5120K, 0% used [0x00000000d8480000,0x00000000d8480000,0x00000000d8980000)
  to   space 5120K, 0% used [0x00000000d7f80000,0x00000000d7f80000,0x00000000d8480000)
 ParOldGen       total 87552K, used 0K [0x0000000081c00000, 0x0000000087180000, 0x00000000d5f00000)
  object space 87552K, 0% used [0x0000000081c00000,0x0000000081c00000,0x0000000087180000)
 Metaspace       used 10359K, capacity 10601K, committed 10752K, reserved 1058816K
  class space    used 891K, capacity 1007K, committed 1024K, reserved 1048576K

Card table byte_map: [0x0000000012330000,0x0000000012730000] byte_map_base: 0x0000000011f22000

Marking Bits: (ParMarkBitMap*) 0x000000005542be30
 Begin Bits: [0x00000000131e0000, 0x0000000015170000)
 End Bits:   [0x0000000015170000, 0x0000000017100000)

Polling page: 0x0000000002d10000

CodeCache: size=245760Kb used=3005Kb max_used=3010Kb free=242754Kb
 bounds [0x0000000002f70000, 0x0000000003270000, 0x0000000011f70000]
 total_blobs=1663 nmethods=677 adapters=899
 compilation: enabled

Compilation events (10 events):
Event: 2.904 Thread 0x0000000019d46000 nmethod 673 0x0000000003256e50 code [0x0000000003256fa0, 0x00000000032570f0]
Event: 2.904 Thread 0x0000000019d46000  674       3       java.lang.String::toString (2 bytes)
Event: 2.904 Thread 0x0000000019d46000 nmethod 674 0x0000000003256b50 code [0x0000000003256ca0, 0x0000000003256df0]
Event: 2.904 Thread 0x0000000019d46000  675       3       sun.nio.cs.SingleByte$Encoder::encode (32 bytes)
Event: 2.904 Thread 0x0000000019d46000 nmethod 675 0x000000000325e3d0 code [0x000000000325e540, 0x000000000325e750]
Event: 2.911 Thread 0x0000000019d48800 nmethod 666 0x000000000325ff50 code [0x00000000032601e0, 0x0000000003260a58]
Event: 3.551 Thread 0x0000000019d46000  676       1       java.lang.System::getSecurityManager (4 bytes)
Event: 3.551 Thread 0x0000000019d46000 nmethod 676 0x00000000032568d0 code [0x0000000003256a20, 0x0000000003256b10]
Event: 3.552 Thread 0x0000000019d46000  677       1       java.util.logging.LogManager$LoggerContext::getOwner (5 bytes)
Event: 3.552 Thread 0x0000000019d46000 nmethod 677 0x000000000325fc90 code [0x000000000325fde0, 0x000000000325fef0]

GC Heap History (0 events):
No events

Deoptimization events (0 events):
No events

Classes redefined (0 events):
No events

Internal exceptions (10 events):
Event: 1.846 Thread 0x0000000002e6e800 Exception <a 'java/security/PrivilegedActionException'> (0x00000000d6559748) thrown at [C:\ade\jenkins\workspace\8-2-build-windows-amd64-cygwin\jdk8u241\331\hotspot\src\share\vm\prims\jvm.cpp, line 1502]
Event: 1.846 Thread 0x0000000002e6e800 Exception <a 'java/security/PrivilegedActionException'> (0x00000000d6559958) thrown at [C:\ade\jenkins\workspace\8-2-build-windows-amd64-cygwin\jdk8u241\331\hotspot\src\share\vm\prims\jvm.cpp, line 1502]
Event: 1.896 Thread 0x0000000002e6e800 Exception <a 'sun/nio/fs/WindowsException'> (0x00000000d6591228) thrown at [C:\ade\jenkins\workspace\8-2-build-windows-amd64-cygwin\jdk8u241\331\hotspot\src\share\vm\prims\jni.cpp, line 710]
Event: 1.896 Thread 0x0000000002e6e800 Exception <a 'sun/nio/fs/WindowsException'> (0x00000000d6591ad0) thrown at [C:\ade\jenkins\workspace\8-2-build-windows-amd64-cygwin\jdk8u241\331\hotspot\src\share\vm\prims\jni.cpp, line 710]
Event: 1.955 Thread 0x0000000002e6e800 Exception <a 'sun/nio/fs/WindowsException'> (0x00000000d66695a8) thrown at [C:\ade\jenkins\workspace\8-2-build-windows-amd64-cygwin\jdk8u241\331\hotspot\src\share\vm\prims\jni.cpp, line 710]
Event: 1.955 Thread 0x0000000002e6e800 Exception <a 'sun/nio/fs/WindowsException'> (0x00000000d6669c88) thrown at [C:\ade\jenkins\workspace\8-2-build-windows-amd64-cygwin\jdk8u241\331\hotspot\src\share\vm\prims\jni.cpp, line 710]
Event: 2.493 Thread 0x0000000002e6e800 Exception <a 'sun/nio/fs/WindowsException'> (0x00000000d671e780) thrown at [C:\ade\jenkins\workspace\8-2-build-windows-amd64-cygwin\jdk8u241\331\hotspot\src\share\vm\prims\jni.cpp, line 710]
Event: 2.493 Thread 0x0000000002e6e800 Exception <a 'sun/nio/fs/WindowsException'> (0x00000000d671eec0) thrown at [C:\ade\jenkins\workspace\8-2-build-windows-amd64-cygwin\jdk8u241\331\hotspot\src\share\vm\prims\jni.cpp, line 710]
Event: 2.497 Thread 0x0000000002e6e800 Exception <a 'sun/nio/fs/WindowsException'> (0x00000000d6727ff8) thrown at [C:\ade\jenkins\workspace\8-2-build-windows-amd64-cygwin\jdk8u241\331\hotspot\src\share\vm\prims\jni.cpp, line 710]
Event: 2.497 Thread 0x0000000002e6e800 Exception <a 'sun/nio/fs/WindowsException'> (0x00000000d67285f0) thrown at [C:\ade\jenkins\workspace\8-2-build-windows-amd64-cygwin\jdk8u241\331\hotspot\src\share\vm\prims\jni.cpp, line 710]

Events (10 events):
Event: 2.901 loading class org/lwjgl/system/MultiReleaseTextDecoding
Event: 2.901 loading class org/lwjgl/system/MultiReleaseTextDecoding done
Event: 2.902 loading class net/alevel/asteroids/engine/cl/GetMinMaxPoints
Event: 2.902 loading class net/alevel/asteroids/engine/cl/GetMinMaxPoints done
Event: 2.902 loading class net/alevel/asteroids/engine/cl/MatrixMulTest
Event: 2.902 loading class net/alevel/asteroids/engine/cl/MatrixMulTest done
Event: 3.550 loading class java/nio/HeapFloatBuffer
Event: 3.551 loading class java/nio/HeapFloatBuffer done
Event: 3.551 loading class org/jocl/Sizeof
Event: 3.551 loading class org/jocl/Sizeof done


Dynamic libraries:
0x00007ff6e2b50000 - 0x00007ff6e2b87000 	C:\Program Files\Java\jdk1.8.0_241\bin\javaw.exe
0x00007ff93fe90000 - 0x00007ff940086000 	C:\WINDOWS\SYSTEM32\ntdll.dll
0x00007ff93ea20000 - 0x00007ff93eadd000 	C:\WINDOWS\System32\KERNEL32.DLL
0x00007ff93db60000 - 0x00007ff93de29000 	C:\WINDOWS\System32\KERNELBASE.dll
0x00007ff93f130000 - 0x00007ff93f1dc000 	C:\WINDOWS\System32\ADVAPI32.dll
0x00007ff93ed10000 - 0x00007ff93edae000 	C:\WINDOWS\System32\msvcrt.dll
0x00007ff93f660000 - 0x00007ff93f6fc000 	C:\WINDOWS\System32\sechost.dll
0x00007ff93ee10000 - 0x00007ff93ef3b000 	C:\WINDOWS\System32\RPCRT4.dll
0x00007ff93f1e0000 - 0x00007ff93f380000 	C:\WINDOWS\System32\USER32.dll
0x00007ff93dec0000 - 0x00007ff93dee2000 	C:\WINDOWS\System32\win32u.dll
0x00007ff93f460000 - 0x00007ff93f48a000 	C:\WINDOWS\System32\GDI32.dll
0x00007ff93d960000 - 0x00007ff93da69000 	C:\WINDOWS\System32\gdi32full.dll
0x00007ff93dac0000 - 0x00007ff93db5d000 	C:\WINDOWS\System32\msvcp_win.dll
0x00007ff93d730000 - 0x00007ff93d830000 	C:\WINDOWS\System32\ucrtbase.dll
0x00007ff91e0c0000 - 0x00007ff91e35b000 	C:\WINDOWS\WinSxS\amd64_microsoft.windows.common-controls_6595b64144ccf1df_6.0.19041.488_none_ca04af081b815d21\COMCTL32.dll
0x00007ff93f380000 - 0x00007ff93f3b0000 	C:\WINDOWS\System32\IMM32.DLL
0x00000000559b0000 - 0x0000000055a82000 	C:\Program Files\Java\jdk1.8.0_241\jre\bin\msvcr100.dll
0x0000000054c00000 - 0x00000000554ac000 	C:\Program Files\Java\jdk1.8.0_241\jre\bin\server\jvm.dll
0x00007ff93f490000 - 0x00007ff93f498000 	C:\WINDOWS\System32\PSAPI.DLL
0x00007ff91e3a0000 - 0x00007ff91e3a9000 	C:\WINDOWS\SYSTEM32\WSOCK32.dll
0x00007ff92e740000 - 0x00007ff92e767000 	C:\WINDOWS\SYSTEM32\WINMM.dll
0x00007ff932950000 - 0x00007ff93295a000 	C:\WINDOWS\SYSTEM32\VERSION.dll
0x00007ff93ec90000 - 0x00007ff93ecfb000 	C:\WINDOWS\System32\WS2_32.dll
0x00007ff926cd0000 - 0x00007ff926cdf000 	C:\Program Files\Java\jdk1.8.0_241\jre\bin\verify.dll
0x00007ff924e70000 - 0x00007ff924e99000 	C:\Program Files\Java\jdk1.8.0_241\jre\bin\java.dll
0x00007ff924e50000 - 0x00007ff924e66000 	C:\Program Files\Java\jdk1.8.0_241\jre\bin\zip.dll
0x00007ff93f700000 - 0x00007ff93fe42000 	C:\WINDOWS\System32\SHELL32.dll
0x00007ff937d70000 - 0x00007ff938505000 	C:\WINDOWS\SYSTEM32\windows.storage.dll
0x00007ff93df50000 - 0x00007ff93e2a6000 	C:\WINDOWS\System32\combase.dll
0x00007ff93d040000 - 0x00007ff93d06c000 	C:\WINDOWS\SYSTEM32\Wldp.dll
0x00007ff93e970000 - 0x00007ff93ea1e000 	C:\WINDOWS\System32\SHCORE.dll
0x00007ff93def0000 - 0x00007ff93df45000 	C:\WINDOWS\System32\shlwapi.dll
0x00007ff93d500000 - 0x00007ff93d526000 	C:\WINDOWS\SYSTEM32\profapi.dll
0x00007ff92f300000 - 0x00007ff92f33d000 	C:\Users\manoo\AppData\Local\Temp\JOCL_2_0_2-windows-x86_64.dll
0x00007ff93cfb0000 - 0x00007ff93cfbc000 	C:\WINDOWS\SYSTEM32\CRYPTBASE.DLL
0x00007ff8e3270000 - 0x00007ff8e33d5000 	C:\WINDOWS\SYSTEM32\OpenCL.dll
0x00007ff93da70000 - 0x00007ff93dabe000 	C:\WINDOWS\System32\CFGMGR32.dll
0x00007ff93f4a0000 - 0x00007ff93f5ca000 	C:\WINDOWS\System32\ole32.dll
0x00007ff93beb0000 - 0x00007ff93bec2000 	C:\WINDOWS\SYSTEM32\kernel.appcore.dll
0x00007ff93d830000 - 0x00007ff93d8b0000 	C:\WINDOWS\System32\bcryptPrimitives.dll
0x00007ff93f3b0000 - 0x00007ff93f459000 	C:\WINDOWS\System32\clbcatq.dll
0x00007ff8d00f0000 - 0x00007ff8d0539000 	C:\WINDOWS\System32\DriverStore\FileRepository\iigd_dch.inf_amd64_a2d86d775f73d911\igdrcl64.dll
0x00007ff93bf20000 - 0x00007ff93c013000 	C:\WINDOWS\SYSTEM32\dxgi.dll
0x00007ff92a860000 - 0x00007ff92aa04000 	C:\WINDOWS\System32\DriverStore\FileRepository\iigd_dch.inf_amd64_a2d86d775f73d911\igdgmm64.dll
0x00007ff933490000 - 0x00007ff9334cb000 	C:\WINDOWS\SYSTEM32\dxcore.dll
0x00007ff90d030000 - 0x00007ff90d11c000 	C:\WINDOWS\System32\DriverStore\FileRepository\iigd_dch.inf_amd64_a2d86d775f73d911\igdfcl64.dll
0x00007ff9282c0000 - 0x00007ff92a709000 	C:\WINDOWS\System32\DriverStore\FileRepository\iigd_dch.inf_amd64_a2d86d775f73d911\igc64.dll
0x00007ff8caeb0000 - 0x00007ff8cc0a6000 	C:\WINDOWS\System32\DriverStore\FileRepository\nvhmi.inf_amd64_87c1a63edc2589a6\nvopencl64.dll
0x00007ff93d1c0000 - 0x00007ff93d1d2000 	C:\WINDOWS\SYSTEM32\msasn1.dll
0x00007ff9303f0000 - 0x00007ff930421000 	C:\WINDOWS\SYSTEM32\cryptnet.dll
0x00007ff93d5d0000 - 0x00007ff93d72d000 	C:\WINDOWS\System32\CRYPT32.dll
0x00007ff937400000 - 0x00007ff93749e000 	C:\WINDOWS\system32\uxtheme.dll
0x00007ff925e00000 - 0x00007ff9264f0000 	C:\WINDOWS\SYSTEM32\nvapi64.dll
0x00007ff93e4f0000 - 0x00007ff93e957000 	C:\WINDOWS\System32\SETUPAPI.DLL
0x00007ff93de90000 - 0x00007ff93deb7000 	C:\WINDOWS\System32\bcrypt.dll
0x00007ff924e10000 - 0x00007ff924e2a000 	C:\Program Files\Java\jdk1.8.0_241\jre\bin\net.dll
0x00007ff93cdc0000 - 0x00007ff93ce2a000 	C:\WINDOWS\system32\mswsock.dll
0x00007ff924df0000 - 0x00007ff924e02000 	C:\Program Files\Java\jdk1.8.0_241\jre\bin\nio.dll
0x00007ff911160000 - 0x00007ff9111c4000 	C:\Users\manoo\AppData\Local\Temp\lwjglmanoo\3.2.3-build-13\lwjgl.dll
0x00007ff90cfc0000 - 0x00007ff90d022000 	C:\Users\manoo\AppData\Local\Temp\lwjglmanoo\3.2.3-build-13\glfw.dll
0x00007ff917fa0000 - 0x00007ff917fe5000 	C:\WINDOWS\SYSTEM32\dinput8.dll
0x00007ff906300000 - 0x00007ff906311000 	C:\WINDOWS\SYSTEM32\xinput1_4.dll
0x00007ff93d380000 - 0x00007ff93d3ac000 	C:\WINDOWS\SYSTEM32\DEVOBJ.dll
0x00007ff9377d0000 - 0x00007ff9377ff000 	C:\WINDOWS\SYSTEM32\dwmapi.dll
0x00007ff924a30000 - 0x00007ff924b82000 	C:\WINDOWS\SYSTEM32\inputhost.dll
0x00007ff93f060000 - 0x00007ff93f12d000 	C:\WINDOWS\System32\OLEAUT32.dll
0x00007ff937010000 - 0x00007ff937102000 	C:\WINDOWS\SYSTEM32\CoreMessaging.dll
0x00007ff9364e0000 - 0x00007ff936636000 	C:\WINDOWS\SYSTEM32\wintypes.dll
0x00007ff935460000 - 0x00007ff935557000 	C:\WINDOWS\SYSTEM32\PROPSYS.dll
0x00007ff936bb0000 - 0x00007ff936f0e000 	C:\WINDOWS\SYSTEM32\CoreUIComponents.dll
0x00007ff93c3d0000 - 0x00007ff93c403000 	C:\WINDOWS\SYSTEM32\ntmarta.dll
0x00007ff93ef40000 - 0x00007ff93f056000 	C:\WINDOWS\System32\MSCTF.dll
0x00007ff938610000 - 0x00007ff93861d000 	C:\WINDOWS\SYSTEM32\HID.DLL
0x00007ff93de30000 - 0x00007ff93de90000 	C:\WINDOWS\System32\WINTRUST.dll
0x00007ff903f70000 - 0x00007ff904095000 	C:\WINDOWS\SYSTEM32\opengl32.dll
0x00007ff903f40000 - 0x00007ff903f6c000 	C:\WINDOWS\SYSTEM32\GLU32.dll
0x00007ff8badf0000 - 0x00007ff8bd779000 	C:\WINDOWS\System32\DriverStore\FileRepository\nvhmi.inf_amd64_87c1a63edc2589a6\nvoglv64.dll
0x00007ff933330000 - 0x00007ff933344000 	C:\WINDOWS\SYSTEM32\WTSAPI32.dll
0x00007ff8d6a40000 - 0x00007ff8d6cf9000 	C:\WINDOWS\system32\nvspcap64.dll
0x00007ff93cb80000 - 0x00007ff93cbcb000 	C:\WINDOWS\SYSTEM32\powrprof.dll
0x00007ff93ca40000 - 0x00007ff93ca52000 	C:\WINDOWS\SYSTEM32\UMPDC.dll
0x00007ff93c5a0000 - 0x00007ff93c5fa000 	C:\WINDOWS\SYSTEM32\WINSTA.dll
0x00007ff936270000 - 0x00007ff9364d4000 	C:\WINDOWS\system32\d3d11.dll
0x00007ff8ff270000 - 0x00007ff8ff375000 	C:\WINDOWS\System32\DriverStore\FileRepository\nvhmi.inf_amd64_87c1a63edc2589a6\nvldumdx.dll
0x00007ff93e3f0000 - 0x00007ff93e40d000 	C:\WINDOWS\System32\imagehlp.dll
0x00007ff93cf90000 - 0x00007ff93cfa8000 	C:\WINDOWS\SYSTEM32\CRYPTSP.dll
0x00007ff93c6e0000 - 0x00007ff93c714000 	C:\WINDOWS\system32\rsaenh.dll
0x00007ff893090000 - 0x00007ff897a63000 	C:\WINDOWS\System32\DriverStore\FileRepository\nvhmi.inf_amd64_87c1a63edc2589a6\nvwgf2umx.dll
0x00007ff924b90000 - 0x00007ff924c8d000 	C:\WINDOWS\SYSTEM32\textinputframework.dll
0x00007ff91f870000 - 0x00007ff91f8c9000 	C:\Users\manoo\AppData\Local\Temp\lwjglmanoo\3.2.3-build-13\lwjgl_opengl.dll
0x00007ff88e950000 - 0x00007ff893084000 	C:\WINDOWS\System32\DriverStore\FileRepository\iigd_dch.inf_amd64_a2d86d775f73d911\opencl-clang64.dll
0x00007ff937a30000 - 0x00007ff937c14000 	C:\WINDOWS\SYSTEM32\dbghelp.dll

VM Arguments:
jvm_args: -Dfile.encoding=Cp1252 
java_command: net.alevel.asteroids.game.Main
java_class_path (initial): C:\Users\manoo\git\ALevel\target\classes;C:\Users\manoo\.m2\repository\org\jocl\jocl\2.0.2\jocl-2.0.2.jar;C:\Users\manoo\.m2\repository\org\lwjgl\lwjgl\3.2.3\lwjgl-3.2.3.jar;C:\Users\manoo\.m2\repository\org\lwjgl\lwjgl-assimp\3.2.3\lwjgl-assimp-3.2.3.jar;C:\Users\manoo\.m2\repository\org\lwjgl\lwjgl-bgfx\3.2.3\lwjgl-bgfx-3.2.3.jar;C:\Users\manoo\.m2\repository\org\lwjgl\lwjgl-glfw\3.2.3\lwjgl-glfw-3.2.3.jar;C:\Users\manoo\.m2\repository\org\lwjgl\lwjgl-nanovg\3.2.3\lwjgl-nanovg-3.2.3.jar;C:\Users\manoo\.m2\repository\org\lwjgl\lwjgl-nuklear\3.2.3\lwjgl-nuklear-3.2.3.jar;C:\Users\manoo\.m2\repository\org\lwjgl\lwjgl-openal\3.2.3\lwjgl-openal-3.2.3.jar;C:\Users\manoo\.m2\repository\org\lwjgl\lwjgl-opengl\3.2.3\lwjgl-opengl-3.2.3.jar;C:\Users\manoo\.m2\repository\org\lwjgl\lwjgl-par\3.2.3\lwjgl-par-3.2.3.jar;C:\Users\manoo\.m2\repository\org\lwjgl\lwjgl-stb\3.2.3\lwjgl-stb-3.2.3.jar;C:\Users\manoo\.m2\repository\org\lwjgl\lwjgl-vulkan\3.2.3\lwjgl-vulkan-3.2.3.jar;C:\Users\manoo\.m2\repository\org\lwjgl\lwjgl\3.2.3\lwjgl-3.2.3-natives-windows.jar;C:\Users\manoo\.m2\repository\org\lwjgl\lwjgl-assimp\3.2.3\lwjgl-assimp-3.2.3-natives-windows.jar;C:\Users\manoo\.m2\repository\org\lwjgl\lwjgl-bgfx\3.2.3\lwjgl-bgfx-3.2.3-natives-windows.jar;C:\Users\manoo\.m2\repository\org\lwjgl\lwjgl-glfw\3.2.3\lwjgl-glfw-3.2.3-natives-windows.jar;C:\Users\manoo\.m2\repository\org\lwjgl\lwjgl-nanovg\3.2.3\lwjgl-nanovg-3.2.3-natives-windows.jar;C:\Users\manoo\.m2\repository\org\lwjgl\lwjgl-nuklear\3.2.3\lwjgl-nuklear-3.2.3-natives-windows.jar;C:\Users\manoo\.m2\repository\org\lwjgl\lwjgl-openal\3.2.3\lwjgl-openal-3.2.3-natives-windows.jar;C:\Users\manoo\.m2\repository\org\lwjgl\lwjgl-opengl\3.2.3\lwjgl-opengl-3.2.3-natives-windows.jar;C:\Users\manoo\.m2\repository\org\lwjgl\lwjgl-par\3.2.3\lwjgl-par-3.2.3-natives-windows.jar;C:\Users\manoo\.m2\repository\org\lwjgl\lwjgl-stb\3.2.3\lwjgl-stb-3.2.3-natives-windows.jar;C:\Users\manoo\.m2\repository\org\joml\joml\1.9
Launcher Type: SUN_STANDARD

Environment Variables:
JAVA_HOME=C:\Program Files\Java\jdk1.8.0_241
PATH=C:/Program Files/Java/jdk1.8.0_241/bin/../jre/bin/server;C:/Program Files/Java/jdk1.8.0_241/bin/../jre/bin;C:/Program Files/Java/jdk1.8.0_241/bin/../jre/lib/amd64;C:\Program Files\Java\jdk1.8.0_241\bin;C:\Program Files (x86)\Common Files\Oracle\Java\javapath;C:\maven\apache-maven-3.6.3\bin;C:\Program Files\NVIDIA Corporation\NVIDIA NvDLISR;C:\Windows\System32;C:\Program Files\nodejs\;C:\WINDOWS\System32\Wbem;C:\Gradle\gradle-6.6\bin;C:\WINDOWS\system32;C:\WINDOWS;C:\WINDOWS\System32\WindowsPowerShell\v1.0\;C:\WINDOWS\System32\OpenSSH\;C:\Program Files\dotnet\;C:\Program Files\Git LFS;C:\Program Files\Git\cmd;C:\Users\manoo\AppData\Local\Microsoft\WindowsApps;C:\Program Files\JetBrains\PyCharm Community Edition 2019.2.3\bin;C:\Users\manoo\AppData\Local\Programs\Microsoft VS Code\bin;C:\Users\manoo\AppData\Local\GitHubDesktop\bin;C:\Program Files\JetBrains\PyCharm Community Edition 2019.3.3\bin;;C:\Users\manoo\AppData\Roaming\npm;C:\Users\manoo\AppData\Local\Microsoft\WindowsApps;C:\Users\manoo\.dotnet\tools;C:\WINDOWS\system32;
USERNAME=manoo
OS=Windows_NT
PROCESSOR_IDENTIFIER=Intel64 Family 6 Model 142 Stepping 11, GenuineIntel



---------------  S Y S T E M  ---------------

OS: Windows 10.0 , 64 bit Build 19041 (10.0.19041.662)

CPU:total 8 (initial active 8) (4 cores per cpu, 2 threads per core) family 6 model 142 stepping 11, cmov, cx8, fxsr, mmx, sse, sse2, sse3, ssse3, sse4.1, sse4.2, popcnt, avx, avx2, aes, clmul, erms, 3dnowpref, lzcnt, ht, tsc, tscinvbit, bmi1, bmi2, adx

Memory: 4k page, physical 8273204k(1669272k free), swap 18906968k(3436420k free)

vm_info: Java HotSpot(TM) 64-Bit Server VM (25.241-b07) for windows-amd64 JRE (1.8.0_241-b07), built on Dec 11 2019 10:21:40 by "rejava" with MS VC++ 10.0 (VS2010)

time: Wed Jan 06 00:47:56 2021
timezone: GMT Standard Time
elapsed time: 3 seconds (0d 0h 0m 3s)

